<?xml version="1.0" encoding="utf-8"?>
<test-run id="0" testcasecount="1" result="Passed" total="1" passed="1" failed="0" inconclusive="0" skipped="0" asserts="1" portable-engine-version="3.3.0.0" start-time="2016-07-24 21:13:55Z" end-time="2016-07-24 21:13:56Z" duration="0.273154">
  <test-suite type="Assembly" id="1002" name="RestApi.UnitTests.DLL" fullname="C:/Code/MiguelAlhoGH/Purchases-DbMigration-sample/test/RestApi.UnitTests/bin/Debug/net451/win7-x64/RestApi.UnitTests.DLL" runstate="Runnable" testcasecount="1" result="Passed" start-time="2016-07-24 21:13:55Z" end-time="2016-07-24 21:13:55Z" duration="0.059831" total="1" passed="1" failed="0" inconclusive="0" skipped="0" asserts="1">
    <environment framework-version="3.4.0.0" clr-version="4.0.30319.42000" os-version="Microsoft Windows NT 6.2.9200.0" platform="Win32NT" cwd="C:\Code\MiguelAlhoGH\Purchases-DbMigration-sample\test\RestApi.UnitTests" machine-name="ALHO-ROG" user="Miguel" user-domain="ALHO-ROG" culture="pt-PT" uiculture="pt-PT" os-architecture="x64" />
    <settings>
      <setting name="WorkDirectory" value="C:\Code\MiguelAlhoGH\Purchases-DbMigration-sample\test\RestApi.UnitTests" />
      <setting name="NumberOfTestWorkers" value="8" />
    </settings>
    <properties>
      <property name="_PID" value="21780" />
      <property name="_APPDOMAIN" value="dotnet-test-nunit.exe" />
    </properties>
    <test-suite type="TestSuite" id="1003" name="RestApi" fullname="RestApi" runstate="Runnable" testcasecount="1" result="Passed" start-time="2016-07-24 21:13:55Z" end-time="2016-07-24 21:13:55Z" duration="0.048001" total="1" passed="1" failed="0" inconclusive="0" skipped="0" asserts="1">
      <test-suite type="TestSuite" id="1004" name="UnitTests" fullname="RestApi.UnitTests" runstate="Runnable" testcasecount="1" result="Passed" start-time="2016-07-24 21:13:55Z" end-time="2016-07-24 21:13:55Z" duration="0.043982" total="1" passed="1" failed="0" inconclusive="0" skipped="0" asserts="1">
        <test-suite type="TestSuite" id="1005" name="Controllers" fullname="RestApi.UnitTests.Controllers" runstate="Runnable" testcasecount="1" result="Passed" start-time="2016-07-24 21:13:55Z" end-time="2016-07-24 21:13:55Z" duration="0.040027" total="1" passed="1" failed="0" inconclusive="0" skipped="0" asserts="1">
          <test-suite type="TestFixture" id="1000" name="PersonControllerTests" fullname="RestApi.UnitTests.Controllers.PersonControllerTests" classname="RestApi.UnitTests.Controllers.PersonControllerTests" runstate="Runnable" testcasecount="1" result="Passed" start-time="2016-07-24 21:13:55Z" end-time="2016-07-24 21:13:55Z" duration="0.034091" total="1" passed="1" failed="0" inconclusive="0" skipped="0" asserts="1">
            <test-case id="1001" name="CanCreateInstanceOfPersonController" fullname="RestApi.UnitTests.Controllers.PersonControllerTests.CanCreateInstanceOfPersonController" methodname="CanCreateInstanceOfPersonController" classname="RestApi.UnitTests.Controllers.PersonControllerTests" runstate="Runnable" seed="2110150635" result="Passed" start-time="2016-07-24 21:13:55Z" end-time="2016-07-24 21:13:55Z" duration="0.022399" asserts="1" />
          </test-suite>
        </test-suite>
      </test-suite>
    </test-suite>
  </test-suite>
</test-run>